#-----------------------------------------------------------
# xsim v2025.1 (64-bit)
# SW Build 6140274 on Thu May 22 00:12:29 MDT 2025
# IP Build 6138677 on Thu May 22 03:10:11 MDT 2025
# SharedData Build 6139179 on Tue May 20 17:58:58 MDT 2025
# Start of session at: Sun Nov  9 12:48:47 2025
# Process ID         : 23196
# Current directory  : D:/Ashwin_Stuff/mp-matmul/mp-matmul
# Command line       : xsim.exe -mode tcl -source {xsim.dir/tb_top_gemm_snap/xsim_script.tcl}
# Log file           : D:/Ashwin_Stuff/mp-matmul/mp-matmul/xsim.log
# Journal file       : D:/Ashwin_Stuff/mp-matmul/mp-matmul\xsim.jou
# Running On         : MSI
# Platform           : Windows Server 2016 or Windows 10
# Operating System   : 26200
# Processor Detail   : 13th Gen Intel(R) Core(TM) i7-13620H
# CPU Frequency      : 2918 MHz
# CPU Physical cores : 10
# CPU Logical cores  : 16
# Host memory        : 16867 MB
# Swap memory        : 17179 MB
# Total Virtual      : 34047 MB
# Available Virtual  : 14125 MB
#-----------------------------------------------------------
source xsim.dir/tb_top_gemm_snap/xsim_script.tcl
# xsim {tb_top_gemm_snap} -autoloadwcfg -runall
Time resolution is 1 ps
run -all
TB start
Attempting to open output file...
File opened successfully, writing 8 x 8 matrix...
Dump complete
$finish called at time : 17395 ns : File "D:/Ashwin_Stuff/mp-matmul/mp-matmul/tb/tb_top_gemm.sv" Line 90
exit
INFO: [Common 17-206] Exiting xsim at Sun Nov  9 12:48:50 2025...
